 ErrorResults 
  stamp : 2025-11-28T22:37:04Z
  target_type : armor_red_1
  model_name : armor_red_1
  pose : 
       - position : [-0.00289665 , 3.16222 , 0.755577]
       - orientation : [0.640544 , 0.767922 , 0.000456011 , -0.000333751]
  RingCirclePositionError : 0
  position_error : 0.302728
  orientation_error : 1.75118
  found_in_gazebo : 1

 ErrorResults 
  stamp : 2025-11-28T22:37:04Z
  target_type : armor_red_1
  model_name : armor_red_1
  pose : 
       - position : [-0.00289665 , 3.16222 , 0.755577]
       - orientation : [0.640544 , 0.767922 , 0.000456011 , -0.000333751]
  RingCirclePositionError : 0
  position_error : 0.302728
  orientation_error : 1.75118
  found_in_gazebo : 1

 ErrorResults 
  stamp : 2025-11-28T22:37:05Z
  target_type : armor_red_1
  model_name : armor_red_1
  pose : 
       - position : [-0.00289665 , 3.16222 , 0.755577]
       - orientation : [0.640544 , 0.767922 , 0.000456011 , -0.000333751]
  RingCirclePositionError : 0
  position_error : 0.302728
  orientation_error : 1.75118
  found_in_gazebo : 1

 ErrorResults 
  stamp : 2025-11-28T22:37:05Z
  target_type : armor_red_1
  model_name : armor_red_1
  pose : 
       - position : [-0.00289665 , 3.16222 , 0.755577]
       - orientation : [0.640544 , 0.767922 , 0.000456011 , -0.000333751]
  RingCirclePositionError : 0
  position_error : 0.302728
  orientation_error : 1.75118
  found_in_gazebo : 1

 ErrorResults 
  stamp : 2025-11-28T22:37:05Z
  target_type : armor_red_1
  model_name : armor_red_1
  pose : 
       - position : [-0.00289665 , 3.16222 , 0.755577]
       - orientation : [0.640544 , 0.767922 , 0.000456011 , -0.000333751]
  RingCirclePositionError : 0
  position_error : 0.302728
  orientation_error : 1.75118
  found_in_gazebo : 1

 ErrorResults 
  stamp : 2025-11-28T22:37:05Z
  target_type : armor_red_1
  model_name : armor_red_1
  pose : 
       - position : [-0.00289665 , 3.16222 , 0.755577]
       - orientation : [0.640544 , 0.767922 , 0.000456011 , -0.000333751]
  RingCirclePositionError : 0
  position_error : 0.302728
  orientation_error : 1.75118
  found_in_gazebo : 1

 ErrorResults 
  stamp : 2025-11-28T22:37:05Z
  target_type : armor_red_1
  model_name : armor_red_1
  pose : 
       - position : [-0.00289665 , 3.16222 , 0.755577]
       - orientation : [0.640544 , 0.767922 , 0.000456011 , -0.000333751]
  RingCirclePositionError : 0
  position_error : 0.302728
  orientation_error : 1.75118
  found_in_gazebo : 1

 ErrorResults 
  stamp : 2025-11-28T22:37:06Z
  target_type : armor_red_1
  model_name : armor_red_1
  pose : 
       - position : [-0.00289665 , 3.16222 , 0.755577]
       - orientation : [0.640544 , 0.767922 , 0.000456011 , -0.000333751]
  RingCirclePositionError : 0
  position_error : 0.302728
  orientation_error : 1.75118
  found_in_gazebo : 1

 ErrorResults 
  stamp : 2025-11-28T22:37:06Z
  target_type : armor_red_1
  model_name : armor_red_1
  pose : 
       - position : [-0.00289665 , 3.16222 , 0.755577]
       - orientation : [0.640544 , 0.767922 , 0.000456011 , -0.000333751]
  RingCirclePositionError : 0
  position_error : 0.302728
  orientation_error : 1.75118
  found_in_gazebo : 1

 ErrorResults 
  stamp : 2025-11-28T22:37:06Z
  target_type : armor_red_1
  model_name : armor_red_1
  pose : 
       - position : [-0.00289665 , 3.16222 , 0.755577]
       - orientation : [0.640544 , 0.767922 , 0.000456011 , -0.000333751]
  RingCirclePositionError : 0
  position_error : 0.302728
  orientation_error : 1.75118
  found_in_gazebo : 1

 ErrorResults 
  stamp : 2025-11-28T22:37:06Z
  target_type : armor_red_1
  model_name : armor_red_1
  pose : 
       - position : [-0.00289665 , 3.16222 , 0.755577]
       - orientation : [0.640544 , 0.767922 , 0.000456011 , -0.000333751]
  RingCirclePositionError : 0
  position_error : 0.302728
  orientation_error : 1.75118
  found_in_gazebo : 1

 ErrorResults 
  stamp : 2025-11-28T22:37:06Z
  target_type : armor_red_1
  model_name : armor_red_1
  pose : 
       - position : [-0.00289665 , 3.16222 , 0.755577]
       - orientation : [0.640544 , 0.767922 , 0.000456011 , -0.000333751]
  RingCirclePositionError : 0
  position_error : 0.302728
  orientation_error : 1.75118
  found_in_gazebo : 1

 ErrorResults 
  stamp : 2025-11-28T22:37:06Z
  target_type : armor_red_1
  model_name : armor_red_1
  pose : 
       - position : [-0.00289665 , 3.16222 , 0.755577]
       - orientation : [0.640544 , 0.767922 , 0.000456011 , -0.000333751]
  RingCirclePositionError : 0
  position_error : 0.302728
  orientation_error : 1.75118
  found_in_gazebo : 1

 ErrorResults 
  stamp : 2025-11-28T22:37:07Z
  target_type : armor_red_1
  model_name : armor_red_1
  pose : 
       - position : [-0.00289665 , 3.16222 , 0.755577]
       - orientation : [0.640544 , 0.767922 , 0.000456011 , -0.000333751]
  RingCirclePositionError : 0
  position_error : 0.302728
  orientation_error : 1.75118
  found_in_gazebo : 1

 ErrorResults 
  stamp : 2025-11-28T22:37:07Z
  target_type : armor_red_1
  model_name : armor_red_1
  pose : 
       - position : [-0.00289665 , 3.16222 , 0.755577]
       - orientation : [0.640544 , 0.767922 , 0.000456011 , -0.000333751]
  RingCirclePositionError : 0
  position_error : 0.302728
  orientation_error : 1.75118
  found_in_gazebo : 1

 ErrorResults 
  stamp : 2025-11-28T22:37:07Z
  target_type : armor_red_1
  model_name : armor_red_1
  pose : 
       - position : [-0.00289665 , 3.16222 , 0.755577]
       - orientation : [0.640544 , 0.767922 , 0.000456011 , -0.000333751]
  RingCirclePositionError : 0
  position_error : 0.302728
  orientation_error : 1.75118
  found_in_gazebo : 1

 ErrorResults 
  stamp : 2025-11-28T22:37:07Z
  target_type : armor_red_1
  model_name : armor_red_1
  pose : 
       - position : [-0.00289665 , 3.16222 , 0.755577]
       - orientation : [0.640544 , 0.767922 , 0.000456011 , -0.000333751]
  RingCirclePositionError : 0
  position_error : 0.302728
  orientation_error : 1.75118
  found_in_gazebo : 1

 ErrorResults 
  stamp : 2025-11-28T22:37:07Z
  target_type : armor_red_1
  model_name : armor_red_1
  pose : 
       - position : [-0.00289665 , 3.16222 , 0.755577]
       - orientation : [0.640544 , 0.767922 , 0.000456011 , -0.000333751]
  RingCirclePositionError : 0
  position_error : 0.302728
  orientation_error : 1.75118
  found_in_gazebo : 1

 ErrorResults 
  stamp : 2025-11-28T22:37:07Z
  target_type : armor_red_1
  model_name : armor_red_1
  pose : 
       - position : [-0.00289665 , 3.16222 , 0.755577]
       - orientation : [0.640544 , 0.767922 , 0.000456011 , -0.000333751]
  RingCirclePositionError : 0
  position_error : 0.302728
  orientation_error : 1.75118
  found_in_gazebo : 1

 ErrorResults 
  stamp : 2025-11-28T22:37:08Z
  target_type : armor_red_1
  model_name : armor_red_1
  pose : 
       - position : [-0.00289665 , 3.16222 , 0.755577]
       - orientation : [0.640544 , 0.767922 , 0.000456011 , -0.000333751]
  RingCirclePositionError : 0
  position_error : 0.302728
  orientation_error : 1.75118
  found_in_gazebo : 1

 ErrorResults 
  stamp : 2025-11-28T22:37:08Z
  target_type : armor_red_1
  model_name : armor_red_1
  pose : 
       - position : [-0.00289665 , 3.16222 , 0.755577]
       - orientation : [0.640544 , 0.767922 , 0.000456011 , -0.000333751]
  RingCirclePositionError : 0
  position_error : 0.302728
  orientation_error : 1.75118
  found_in_gazebo : 1

 ErrorResults 
  stamp : 2025-11-28T22:37:08Z
  target_type : armor_red_1
  model_name : armor_red_1
  pose : 
       - position : [-0.00289665 , 3.16222 , 0.755577]
       - orientation : [0.640544 , 0.767922 , 0.000456011 , -0.000333751]
  RingCirclePositionError : 0
  position_error : 0.302728
  orientation_error : 1.75118
  found_in_gazebo : 1

 ErrorResults 
  stamp : 2025-11-28T22:37:08Z
  target_type : armor_red_1
  model_name : armor_red_1
  pose : 
       - position : [-0.00289665 , 3.16222 , 0.755577]
       - orientation : [0.640544 , 0.767922 , 0.000456011 , -0.000333751]
  RingCirclePositionError : 0
  position_error : 0.302728
  orientation_error : 1.75118
  found_in_gazebo : 1

 ErrorResults 
  stamp : 2025-11-28T22:37:09Z
  target_type : armor_red_1
  model_name : armor_red_1
  pose : 
       - position : [-0.00289665 , 3.16222 , 0.755577]
       - orientation : [0.640544 , 0.767922 , 0.000456011 , -0.000333751]
  RingCirclePositionError : 0
  position_error : 0.302728
  orientation_error : 1.75118
  found_in_gazebo : 1

 ErrorResults 
  stamp : 2025-11-28T22:37:09Z
  target_type : armor_red_1
  model_name : armor_red_1
  pose : 
       - position : [-0.00289665 , 3.16222 , 0.755577]
       - orientation : [0.640544 , 0.767922 , 0.000456011 , -0.000333751]
  RingCirclePositionError : 0
  position_error : 0.302728
  orientation_error : 1.75118
  found_in_gazebo : 1

 ErrorResults 
  stamp : 2025-11-28T22:37:09Z
  target_type : armor_red_1
  model_name : armor_red_1
  pose : 
       - position : [-0.00289665 , 3.16222 , 0.755577]
       - orientation : [0.640544 , 0.767922 , 0.000456011 , -0.000333751]
  RingCirclePositionError : 0
  position_error : 0.302728
  orientation_error : 1.75118
  found_in_gazebo : 1

 ErrorResults 
  stamp : 2025-11-28T22:37:09Z
  target_type : armor_red_1
  model_name : armor_red_1
  pose : 
       - position : [-0.00289665 , 3.16222 , 0.755577]
       - orientation : [0.640544 , 0.767922 , 0.000456011 , -0.000333751]
  RingCirclePositionError : 0
  position_error : 0.302728
  orientation_error : 1.75118
  found_in_gazebo : 1

 ErrorResults 
  stamp : 2025-11-28T22:37:09Z
  target_type : armor_red_1
  model_name : armor_red_1
  pose : 
       - position : [-0.00289665 , 3.16222 , 0.755577]
       - orientation : [0.640544 , 0.767922 , 0.000456011 , -0.000333751]
  RingCirclePositionError : 0
  position_error : 0.302728
  orientation_error : 1.75118
  found_in_gazebo : 1

 ErrorResults 
  stamp : 2025-11-28T22:37:10Z
  target_type : armor_red_1
  model_name : armor_red_1
  pose : 
       - position : [-0.00289665 , 3.16222 , 0.755577]
       - orientation : [0.640544 , 0.767922 , 0.000456011 , -0.000333751]
  RingCirclePositionError : 0
  position_error : 0.302728
  orientation_error : 1.75118
  found_in_gazebo : 1

 ErrorResults 
  stamp : 2025-11-28T22:37:10Z
  target_type : armor_red_1
  model_name : armor_red_1
  pose : 
       - position : [-0.00289665 , 3.16222 , 0.755577]
       - orientation : [0.640544 , 0.767922 , 0.000456011 , -0.000333751]
  RingCirclePositionError : 0
  position_error : 0.302728
  orientation_error : 1.75118
  found_in_gazebo : 1

 ErrorResults 
  stamp : 2025-11-28T22:37:10Z
  target_type : armor_red_1
  model_name : armor_red_1
  pose : 
       - position : [-0.00289665 , 3.16222 , 0.755577]
       - orientation : [0.640544 , 0.767922 , 0.000456011 , -0.000333751]
  RingCirclePositionError : 0
  position_error : 0.302728
  orientation_error : 1.75118
  found_in_gazebo : 1

 ErrorResults 
  stamp : 2025-11-28T22:37:10Z
  target_type : armor_red_1
  model_name : armor_red_1
  pose : 
       - position : [-0.00289665 , 3.16222 , 0.755577]
       - orientation : [0.640544 , 0.767922 , 0.000456011 , -0.000333751]
  RingCirclePositionError : 0
  position_error : 0.302728
  orientation_error : 1.75118
  found_in_gazebo : 1

 ErrorResults 
  stamp : 2025-11-28T22:37:10Z
  target_type : armor_red_1
  model_name : armor_red_1
  pose : 
       - position : [-0.00289665 , 3.16222 , 0.755577]
       - orientation : [0.640544 , 0.767922 , 0.000456011 , -0.000333751]
  RingCirclePositionError : 0
  position_error : 0.302728
  orientation_error : 1.75118
  found_in_gazebo : 1

 ErrorResults 
  stamp : 2025-11-28T22:37:11Z
  target_type : armor_red_1
  model_name : armor_red_1
  pose : 
       - position : [-0.00289665 , 3.16222 , 0.755577]
       - orientation : [0.640544 , 0.767922 , 0.000456011 , -0.000333751]
  RingCirclePositionError : 0
  position_error : 0.302728
  orientation_error : 1.75118
  found_in_gazebo : 1

 ErrorResults 
  stamp : 2025-11-28T22:37:11Z
  target_type : armor_red_1
  model_name : armor_red_1
  pose : 
       - position : [-0.00289665 , 3.16222 , 0.755577]
       - orientation : [0.640544 , 0.767922 , 0.000456011 , -0.000333751]
  RingCirclePositionError : 0
  position_error : 0.302728
  orientation_error : 1.75118
  found_in_gazebo : 1

 ErrorResults 
  stamp : 2025-11-28T22:37:11Z
  target_type : armor_red_1
  model_name : armor_red_1
  pose : 
       - position : [-0.00289665 , 3.16222 , 0.755577]
       - orientation : [0.640544 , 0.767922 , 0.000456011 , -0.000333751]
  RingCirclePositionError : 0
  position_error : 0.302728
  orientation_error : 1.75118
  found_in_gazebo : 1

 ErrorResults 
  stamp : 2025-11-28T22:37:11Z
  target_type : armor_red_1
  model_name : armor_red_1
  pose : 
       - position : [-0.00289665 , 3.16222 , 0.755577]
       - orientation : [0.640544 , 0.767922 , 0.000456011 , -0.000333751]
  RingCirclePositionError : 0
  position_error : 0.302728
  orientation_error : 1.75118
  found_in_gazebo : 1

 ErrorResults 
  stamp : 2025-11-28T22:37:11Z
  target_type : armor_red_1
  model_name : armor_red_1
  pose : 
       - position : [-0.00289665 , 3.16222 , 0.755577]
       - orientation : [0.640544 , 0.767922 , 0.000456011 , -0.000333751]
  RingCirclePositionError : 0
  position_error : 0.302728
  orientation_error : 1.75118
  found_in_gazebo : 1

 ErrorResults 
  stamp : 2025-11-28T22:37:11Z
  target_type : armor_red_1
  model_name : armor_red_1
  pose : 
       - position : [-0.00289665 , 3.16222 , 0.755577]
       - orientation : [0.640544 , 0.767922 , 0.000456011 , -0.000333751]
  RingCirclePositionError : 0
  position_error : 0.302728
  orientation_error : 1.75118
  found_in_gazebo : 1

 ErrorResults 
  stamp : 2025-11-28T22:37:12Z
  target_type : armor_red_1
  model_name : armor_red_1
  pose : 
       - position : [-0.00289665 , 3.16222 , 0.755577]
       - orientation : [0.640544 , 0.767922 , 0.000456011 , -0.000333751]
  RingCirclePositionError : 0
  position_error : 0.302728
  orientation_error : 1.75118
  found_in_gazebo : 1

 ErrorResults 
  stamp : 2025-11-28T22:37:12Z
  target_type : armor_red_1
  model_name : armor_red_1
  pose : 
       - position : [-0.00289665 , 3.16222 , 0.755577]
       - orientation : [0.640544 , 0.767922 , 0.000456011 , -0.000333751]
  RingCirclePositionError : 0
  position_error : 0.302728
  orientation_error : 1.75118
  found_in_gazebo : 1

 ErrorResults 
  stamp : 2025-11-28T22:37:12Z
  target_type : armor_red_1
  model_name : armor_red_1
  pose : 
       - position : [-0.00289665 , 3.16222 , 0.755577]
       - orientation : [0.640544 , 0.767922 , 0.000456011 , -0.000333751]
  RingCirclePositionError : 0
  position_error : 0.302728
  orientation_error : 1.75118
  found_in_gazebo : 1

 ErrorResults 
  stamp : 2025-11-28T22:37:12Z
  target_type : armor_red_1
  model_name : armor_red_1
  pose : 
       - position : [-0.00289665 , 3.16222 , 0.755577]
       - orientation : [0.640544 , 0.767922 , 0.000456011 , -0.000333751]
  RingCirclePositionError : 0
  position_error : 0.302728
  orientation_error : 1.75118
  found_in_gazebo : 1

 ErrorResults 
  stamp : 2025-11-28T22:37:13Z
  target_type : armor_red_1
  model_name : armor_red_1
  pose : 
       - position : [-0.00289665 , 3.16222 , 0.755577]
       - orientation : [0.640544 , 0.767922 , 0.000456011 , -0.000333751]
  RingCirclePositionError : 0
  position_error : 0.302728
  orientation_error : 1.75118
  found_in_gazebo : 1

 ErrorResults 
  stamp : 2025-11-28T22:37:13Z
  target_type : armor_red_1
  model_name : armor_red_1
  pose : 
       - position : [-0.00289665 , 3.16222 , 0.755577]
       - orientation : [0.640544 , 0.767922 , 0.000456011 , -0.000333751]
  RingCirclePositionError : 0
  position_error : 0.302728
  orientation_error : 1.75118
  found_in_gazebo : 1

 ErrorResults 
  stamp : 2025-11-28T22:37:13Z
  target_type : armor_red_1
  model_name : armor_red_1
  pose : 
       - position : [-0.00289665 , 3.16222 , 0.755577]
       - orientation : [0.640544 , 0.767922 , 0.000456011 , -0.000333751]
  RingCirclePositionError : 0
  position_error : 0.302728
  orientation_error : 1.75118
  found_in_gazebo : 1

 ErrorResults 
  stamp : 2025-11-28T22:37:13Z
  target_type : armor_red_1
  model_name : armor_red_1
  pose : 
       - position : [-0.00289665 , 3.16222 , 0.755577]
       - orientation : [0.640544 , 0.767922 , 0.000456011 , -0.000333751]
  RingCirclePositionError : 0
  position_error : 0.302728
  orientation_error : 1.75118
  found_in_gazebo : 1

 ErrorResults 
  stamp : 2025-11-28T22:37:13Z
  target_type : armor_red_1
  model_name : armor_red_1
  pose : 
       - position : [-0.00289665 , 3.16222 , 0.755577]
       - orientation : [0.640544 , 0.767922 , 0.000456011 , -0.000333751]
  RingCirclePositionError : 0
  position_error : 0.302728
  orientation_error : 1.75118
  found_in_gazebo : 1

 ErrorResults 
  stamp : 2025-11-28T22:37:13Z
  target_type : armor_red_1
  model_name : armor_red_1
  pose : 
       - position : [-0.00289665 , 3.16222 , 0.755577]
       - orientation : [0.640544 , 0.767922 , 0.000456011 , -0.000333751]
  RingCirclePositionError : 0
  position_error : 0.302728
  orientation_error : 1.75118
  found_in_gazebo : 1

 ErrorResults 
  stamp : 2025-11-28T22:37:14Z
  target_type : armor_red_1
  model_name : armor_red_1
  pose : 
       - position : [-0.00289665 , 3.16222 , 0.755577]
       - orientation : [0.640544 , 0.767922 , 0.000456011 , -0.000333751]
  RingCirclePositionError : 0
  position_error : 0.302728
  orientation_error : 1.75118
  found_in_gazebo : 1

 ErrorResults 
  stamp : 2025-11-28T22:37:14Z
  target_type : armor_red_1
  model_name : armor_red_1
  pose : 
       - position : [-0.00289665 , 3.16222 , 0.755577]
       - orientation : [0.640544 , 0.767922 , 0.000456011 , -0.000333751]
  RingCirclePositionError : 0
  position_error : 0.302728
  orientation_error : 1.75118
  found_in_gazebo : 1

 ErrorResults 
  stamp : 2025-11-28T22:37:14Z
  target_type : armor_red_1
  model_name : armor_red_1
  pose : 
       - position : [-0.00289665 , 3.16222 , 0.755577]
       - orientation : [0.640544 , 0.767922 , 0.000456011 , -0.000333751]
  RingCirclePositionError : 0
  position_error : 0.302728
  orientation_error : 1.75118
  found_in_gazebo : 1

 ErrorResults 
  stamp : 2025-11-28T22:37:14Z
  target_type : armor_red_1
  model_name : armor_red_1
  pose : 
       - position : [-0.00289665 , 3.16222 , 0.755577]
       - orientation : [0.640544 , 0.767922 , 0.000456011 , -0.000333751]
  RingCirclePositionError : 0
  position_error : 0.302728
  orientation_error : 1.75118
  found_in_gazebo : 1

 ErrorResults 
  stamp : 2025-11-28T22:37:14Z
  target_type : armor_red_1
  model_name : armor_red_1
  pose : 
       - position : [-0.00289665 , 3.16222 , 0.755577]
       - orientation : [0.640544 , 0.767922 , 0.000456011 , -0.000333751]
  RingCirclePositionError : 0
  position_error : 0.302728
  orientation_error : 1.75118
  found_in_gazebo : 1

 ErrorResults 
  stamp : 2025-11-28T22:37:15Z
  target_type : armor_red_1
  model_name : armor_red_1
  pose : 
       - position : [-0.00289665 , 3.16222 , 0.755577]
       - orientation : [0.640544 , 0.767922 , 0.000456011 , -0.000333751]
  RingCirclePositionError : 0
  position_error : 0.302728
  orientation_error : 1.75118
  found_in_gazebo : 1

 ErrorResults 
  stamp : 2025-11-28T22:37:15Z
  target_type : armor_red_1
  model_name : armor_red_1
  pose : 
       - position : [-0.00289665 , 3.16222 , 0.755577]
       - orientation : [0.640544 , 0.767922 , 0.000456011 , -0.000333751]
  RingCirclePositionError : 0
  position_error : 0.302728
  orientation_error : 1.75118
  found_in_gazebo : 1

